c:\users\belgelerım\source\repos\project 2.3, opengl\project 2.3, opengl\debug\vc141.pdb
c:\users\belgelerım\source\repos\project 2.3, opengl\project 2.3, opengl\debug\vc141.ıdb
c:\users\belgelerım\source\repos\project 2.3, opengl\project 2.3, opengl\debug\glad.obj
c:\users\belgelerım\source\repos\project 2.3, opengl\project 2.3, opengl\debug\maın.obj
c:\users\belgelerım\source\repos\project 2.3, opengl\debug\project 2.3, opengl.exe
c:\users\belgelerım\source\repos\project 2.3, opengl\debug\project 2.3, opengl.ılk
c:\users\belgelerım\source\repos\project 2.3, opengl\debug\project 2.3, opengl.pdb
c:\users\belgelerim\source\repos\project 2.3, opengl\project 2.3, opengl\debug\glad.obj
c:\users\belgelerim\source\repos\project 2.3, opengl\project 2.3, opengl\debug\main.obj
c:\users\belgelerim\source\repos\project 2.3, opengl\project 2.3, opengl\debug\vc141.idb
c:\users\belgelerim\source\repos\project 2.3, opengl\project 2.3, opengl\debug\vc141.pdb
c:\users\belgelerim\source\repos\project 2.3, opengl\debug\project 2.3, opengl.pdb
c:\users\belgelerim\source\repos\project 2.3, opengl\debug\project 2.3, opengl.exe
c:\users\belgelerim\source\repos\project 2.3, opengl\debug\project 2.3, opengl.ilk
c:\users\belgelerim\source\repos\project 2.3, opengl\project 2.3, opengl\debug\project .fcf5119e.tlog\cl.command.1.tlog
c:\users\belgelerim\source\repos\project 2.3, opengl\project 2.3, opengl\debug\project .fcf5119e.tlog\cl.read.1.tlog
c:\users\belgelerim\source\repos\project 2.3, opengl\project 2.3, opengl\debug\project .fcf5119e.tlog\cl.write.1.tlog
c:\users\belgelerim\source\repos\project 2.3, opengl\project 2.3, opengl\debug\project .fcf5119e.tlog\link.command.1.tlog
c:\users\belgelerim\source\repos\project 2.3, opengl\project 2.3, opengl\debug\project .fcf5119e.tlog\link.read.1.tlog
c:\users\belgelerim\source\repos\project 2.3, opengl\project 2.3, opengl\debug\project .fcf5119e.tlog\link.write.1.tlog
