C51 COMPILER V9.59.0.0   PROJECT_MBSD                                                      05/20/2018 12:43:14 PAGE 1   


C51 COMPILER V9.59.0.0, COMPILATION OF MODULE PROJECT_MBSD
OBJECT MODULE PLACED IN .\Objects\project_mbsd.obj
COMPILER INVOKED BY: C:\Keil_v5\C51\BIN\C51.EXE project_mbsd.c OPTIMIZE(8,SPEED) BROWSE DEBUG OBJECTEXTEND PRINT(.\Listi
                    -ngs\project_mbsd.lst) TABS(2) OBJECT(.\Objects\project_mbsd.obj)

line level    source

   1          #include <89c51rd2.h>
   2          
   3          void init_timer(); //timer initialize islemini gerceklestiren method.
   4          void init_interrupt(); ///interrupt initialize islemini gerceklestiren method.
   5          void delay(unsigned int); //ledlerin belli bir zaman araliginda yanmasini saglayan gecikme methodu.
   6          
   7          void main()
   8          { 
   9   1        init_timer();
  10   1        init_interrupt();
  11   1        
  12   1        while(1)
  13   1        {
  14   2          while(P1)
  15   2          {
  16   3            P1=0x01; //2^0 = 1 ~ Sadece P1.0'a bagli ledi yakar.
  17   3            delay(500);
  18   3            P1=0x03; //2^0 + 2^1 = 3 ~ P1.0 ve P1.1 portlarina bagli ledleri birlikte yakar.
  19   3            delay(500);
  20   3            P1=0x07; //2^0 + 2^1 + 2^2 = 7 ~ P1.0, P1.1 ve P1.2 portlarina bagli ledleri birlikte yakar.
  21   3            delay(500);
  22   3            P1=0x0F; //2^0 + 2^1 + 2^2 + 2^3 = 15 = 0F ~ P1.0, P1.1, P1.2 ve P1.3 portlarina bagli ledleri birlikte
             - yakar.
  23   3            delay(500);
  24   3            P1=0x1F; //2^0 + 2^1 + 2^2 + 2^3 + 2^4 = 31 = 1F ~ P1.0, P1.1, P1.2, P1.3 ve P1.4 portlarina bagli ledl
             -eri birlikte yakar.
  25   3            delay(500);
  26   3            P1=0x00; //Tum ledleri ayni anda sondurur.
  27   3          }
  28   2        }
  29   1      }
  30          
  31          void init_timer()
  32          {
  33   1        TMOD = 0x32;  //0011 0010
  34   1        TH0 = TL0 = 256-250;  //0.25 ms
  35   1      }
  36          
  37          void init_interrupt()
  38          {
  39   1        IT0 = 1;
  40   1        EX0 = 1;
  41   1        EA = 1;
  42   1      }
  43          
  44          void delay(unsigned int ms)
  45          { 
  46   1        int i;
  47   1        for (i=0;i<=4*ms;i++)
  48   1        {
  49   2          TR0=1;
  50   2          while(!TF0);
  51   2          TF0=0;
  52   2        }    
C51 COMPILER V9.59.0.0   PROJECT_MBSD                                                      05/20/2018 12:43:14 PAGE 2   

  53   1      }


MODULE INFORMATION:   STATIC OVERLAYABLE
   CODE SIZE        =    108    ----
   CONSTANT SIZE    =   ----    ----
   XDATA SIZE       =   ----    ----
   PDATA SIZE       =   ----    ----
   DATA SIZE        =   ----    ----
   IDATA SIZE       =   ----    ----
   BIT SIZE         =   ----    ----
END OF MODULE INFORMATION.


C51 COMPILATION COMPLETE.  0 WARNING(S),  0 ERROR(S)
