A51 MACRO ASSEMBLER  PROJECT_MBSD_V2                                                      05/20/2018 13:33:54 PAGE     1


MACRO ASSEMBLER A51 V8.2.7.0
OBJECT MODULE PLACED IN .\Objects\project_mbsd_v2.obj
ASSEMBLER INVOKED BY: C:\Keil_v5\C51\BIN\A51.EXE project_mbsd_v2.a51 SET(SMALL) DEBUG PRINT(.\Listings\project_mbsd_v2.l
                      st) OBJECT(.\Objects\project_mbsd_v2.obj) EP

LOC  OBJ            LINE     SOURCE

0000                   1     ORG 00H
0000 02003D            2             LJMP MAIN
0003                   3             ORG 0003H
0003 020006            4                     LJMP KESME ;int0 external hardware kesmesi.     
                       5                     
0006                   6             KESME:
0006 1132              7                     ACALL SAYAC ;timeri cagirarak belli araliklarla tum ledlerin yakilmasini sa
                             glar.
0008 D290              8                     SETB P1.0
000A 1132              9                     ACALL SAYAC
000C D291             10                     SETB P1.1
000E 1132             11                     ACALL SAYAC
0010 D292             12                     SETB P1.2
0012 1132             13                     ACALL SAYAC
0014 D293             14                     SETB P1.3
0016 1132             15                     ACALL SAYAC 
0018 D294             16                     SETB P1.4
001A 1132             17                     ACALL SAYAC
001C 1132             18                     ACALL SAYAC
001E C290             19                     CLR P1.0 ;tum ledler yandiktan sonra ledlerin ayni anda sonme islemini gerc
                             eklestirir.
0020 C291             20                     CLR P1.1
0022 C292             21                     CLR P1.2
0024 C293             22                     CLR P1.3
0026 C294             23                     CLR P1.4
0028 32               24                     RETI
                      25                     
0029                  26             SAYAC2: ;timer
0029 758CFF           27                     MOV TH0, #0FFH
002C 758AFF           28                     MOV TL0, #0FFH
002F D28C             29                     SETB TR0
0031 22               30                     RET
                      31                     
0032                  32             SAYAC:
0032 78C8             33                     MOV R0,#200
0034 79C8             34                     MOV R1,#200
                      35                     
0036                  36             SAYAC3: 
0036 1129             37                     ACALL SAYAC2
0038 D9FC             38                     DJNZ R1, SAYAC3
003A D8FA             39                     DJNZ R0, SAYAC3
003C 22               40                     RET
003D                  41             MAIN:
003D                  42             DONGU:
003D D2A8             43                     SETB EX0 ;int0 kesmesini aktif yapar.
003F 75A883           44                     MOV IE,#83H ;tum kesmeleri aktif yapar.
0042 C290             45                     CLR P1.0 ;portlari temizleme islemi
0044 C291             46                     CLR P1.1
0046 C292             47                     CLR P1.2
0048 C293             48                     CLR P1.3
004A C294             49                     CLR P1.4
                      50     
004C 80FE             51     SJMP $
                      52     END
A51 MACRO ASSEMBLER  PROJECT_MBSD_V2                                                      05/20/2018 13:33:54 PAGE     2

SYMBOL TABLE LISTING
------ ----- -------


N A M E             T Y P E  V A L U E   ATTRIBUTES

DONGU. . . . . . .  C ADDR   003DH   A   
EX0. . . . . . . .  B ADDR   00A8H.0 A   
IE . . . . . . . .  D ADDR   00A8H   A   
KESME. . . . . . .  C ADDR   0006H   A   
MAIN . . . . . . .  C ADDR   003DH   A   
P1 . . . . . . . .  D ADDR   0090H   A   
SAYAC. . . . . . .  C ADDR   0032H   A   
SAYAC2 . . . . . .  C ADDR   0029H   A   
SAYAC3 . . . . . .  C ADDR   0036H   A   
TH0. . . . . . . .  D ADDR   008CH   A   
TL0. . . . . . . .  D ADDR   008AH   A   
TR0. . . . . . . .  B ADDR   0088H.4 A   


REGISTER BANK(S) USED: 0 


ASSEMBLY COMPLETE.  0 WARNING(S), 0 ERROR(S)
